<?xml version="1.0" encoding="UTF-8"?>
<testsuite name="Flujo de compra en SauceDemo" tests="1" skipped="0" failures="0" errors="0" timestamp="2026-05-28T02:47:10" hostname="DESKTOP-H7ON2JR" time="6.404">
  <properties/>
  <testcase name="Compra exitosa con usuario valido" classname="Flujo de compra en SauceDemo" time="6.404"/>
  <system-out><![CDATA[]]></system-out>
  <system-err><![CDATA[May 27, 2026 9:47:12 PM org.openqa.selenium.devtools.CdpVersionFinder findNearestMatch
WARNING: Unable to find CDP implementation matching 148
May 27, 2026 9:47:12 PM org.openqa.selenium.chromium.ChromiumDriver lambda$new$4
WARNING: Unable to find version of CDP to use for 148.0.7778.179. You may need to include a dependency on a specific version of the CDP using something similar to `org.seleniumhq.selenium:selenium-devtools-v86:4.33.0` where the version ("v86") matches the version of the chromium-based browser you're using and the version number of the artifact is the same as Selenium's.
]]></system-err>
</testsuite>
